<?xml version="1.0" encoding="UTF-8"?>
<testng-results ignored="0" total="1" passed="1" failed="0" skipped="0">
  <reporter-output>
  </reporter-output>
  <suite started-at="2022-10-07T18:29:55 EDT" name="Default suite" finished-at="2022-10-07T18:30:08 EDT" duration-ms="12413">
    <groups>
    </groups>
    <test started-at="2022-10-07T18:29:55 EDT" name="Default test" finished-at="2022-10-07T18:30:08 EDT" duration-ms="12413">
      <class name="testPages.HomePageTest">
        <test-method is-config="true" signature="setUp()[pri:0, instance:testPages.HomePageTest@5b03b9fe]" started-at="2022-10-07T18:29:55 EDT" name="setUp" finished-at="2022-10-07T18:30:04 EDT" duration-ms="8798" status="PASS">
          <reporter-output>
          </reporter-output>
        </test-method> <!-- setUp -->
        <test-method signature="logoTest()[pri:0, instance:testPages.HomePageTest@5b03b9fe]" started-at="2022-10-07T18:30:04 EDT" name="logoTest" finished-at="2022-10-07T18:30:07 EDT" duration-ms="3383" status="PASS">
          <reporter-output>
          </reporter-output>
        </test-method> <!-- logoTest -->
        <test-method is-config="true" signature="tearUp()[pri:0, instance:testPages.HomePageTest@5b03b9fe]" started-at="2022-10-07T18:30:08 EDT" name="tearUp" finished-at="2022-10-07T18:30:08 EDT" duration-ms="166" status="PASS">
          <reporter-output>
          </reporter-output>
        </test-method> <!-- tearUp -->
      </class> <!-- testPages.HomePageTest -->
    </test> <!-- Default test -->
  </suite> <!-- Default suite -->
</testng-results>
